\BOOKMARK [1][-]{section.1}{\376\377\000S\000e\000t\000u\000p}{}% 1
\BOOKMARK [1][-]{section.2}{\376\377\000S\000o\000u\000n\000d\000n\000e\000s\000s\000\040\000T\000h\000e\000o\000r\000e\000m}{}% 2
\BOOKMARK [1][-]{section.3}{\376\377\000P\000o\000s\000t\000-\000Q\000u\000a\000n\000t\000u\000m\000\040\000D\000e\000g\000r\000a\000d\000a\000t\000i\000o\000n}{}% 3
\BOOKMARK [1][-]{section.4}{\376\377\000N\000o\000\040\000C\000o\000n\000f\000l\000i\000c\000t\000i\000n\000g\000\040\000C\000e\000r\000t\000i\000f\000i\000c\000a\000t\000e\000s}{}% 4
\BOOKMARK [1][-]{section.5}{\376\377\000G\000a\000p\000s\000\040\000a\000n\000d\000\040\000R\000e\000s\000o\000l\000u\000t\000i\000o\000n\000s}{}% 5
\BOOKMARK [1][-]{appendix.A}{\376\377\000M\000L\000-\000D\000S\000A\000-\0006\0005\000\040\000G\000r\000o\000t\000h\0001\0006\000\040\000C\000i\000r\000c\000u\000i\000t\000\040\000A\000n\000a\000l\000y\000s\000i\000s}{}% 6
\BOOKMARK [2][-]{subsection.A.1}{\376\377\000M\000L\000-\000D\000S\000A\000-\0006\0005\000\040\000V\000e\000r\000i\000f\000i\000c\000a\000t\000i\000o\000n\000\040\000S\000t\000e\000p\000s}{appendix.A}% 7
\BOOKMARK [2][-]{subsection.A.2}{\376\377\000R\0001\000C\000S\000\040\000C\000o\000n\000s\000t\000r\000a\000i\000n\000t\000\040\000C\000o\000u\000n\000t}{appendix.A}% 8
\BOOKMARK [2][-]{subsection.A.3}{\376\377\000P\000r\000o\000o\000f\000\040\000S\000i\000z\000e}{appendix.A}% 9
\BOOKMARK [2][-]{subsection.A.4}{\376\377\000P\000r\000o\000v\000e\000r\000\040\000T\000i\000m\000e}{appendix.A}% 10
\BOOKMARK [1][-]{appendix.B}{\376\377\000A\000d\000a\000p\000t\000i\000v\000e\000\040\000C\000o\000r\000r\000u\000p\000t\000i\000o\000n\000\040\000M\000o\000d\000e\000l}{}% 11
\BOOKMARK [2][-]{subsection.B.1}{\376\377\000C\000o\000r\000r\000u\000p\000t\000i\000o\000n\000\040\000M\000o\000d\000e\000l\000s}{appendix.B}% 12
\BOOKMARK [2][-]{subsection.B.2}{\376\377\000S\000t\000a\000t\000i\000c\000-\000M\000o\000d\000e\000l\000\040\000L\000i\000m\000i\000t\000a\000t\000i\000o\000n}{appendix.B}% 13
\BOOKMARK [2][-]{subsection.B.3}{\376\377\000E\000x\000t\000e\000n\000s\000i\000o\000n\000\040\000v\000i\000a\000\040\000P\000r\000o\000g\000r\000a\000m\000m\000a\000b\000l\000e\000\040\000R\000a\000n\000d\000o\000m\000\040\000O\000r\000a\000c\000l\000e}{appendix.B}% 14
\BOOKMARK [2][-]{subsection.B.4}{\376\377\000E\000x\000t\000e\000n\000s\000i\000o\000n\000\040\000v\000i\000a\000\040\000S\000e\000c\000u\000r\000e\000\040\000E\000r\000a\000s\000u\000r\000e\000s}{appendix.B}% 15
\BOOKMARK [1][-]{appendix.C}{\376\377\000G\000r\000o\000t\000h\0001\0006\000\040\000T\000r\000u\000s\000t\000e\000d\000\040\000S\000e\000t\000u\000p}{}% 16
\BOOKMARK [2][-]{subsection.C.1}{\376\377\000T\000h\000e\000\040\000S\000R\000S\000\040\000A\000s\000s\000u\000m\000p\000t\000i\000o\000n}{appendix.C}% 17
\BOOKMARK [2][-]{subsection.C.2}{\376\377\000M\000u\000l\000t\000i\000-\000P\000a\000r\000t\000y\000\040\000C\000e\000r\000e\000m\000o\000n\000y}{appendix.C}% 18
\BOOKMARK [2][-]{subsection.C.3}{\376\377\000U\000n\000i\000v\000e\000r\000s\000a\000l\000-\000S\000e\000t\000u\000p\000\040\000A\000l\000t\000e\000r\000n\000a\000t\000i\000v\000e\000s}{appendix.C}% 19
\BOOKMARK [1][-]{appendix.D}{\376\377\000R\000i\000n\000g\000t\000a\000i\000l\000\040\000P\000a\000r\000a\000m\000e\000t\000e\000r\000\040\000T\000i\000g\000h\000t\000n\000e\000s\000s}{}% 20
\BOOKMARK [2][-]{subsection.D.1}{\376\377\000R\000i\000n\000g\000t\000a\000i\000l\000\040\000P\000a\000r\000a\000m\000e\000t\000e\000r\000\040\000S\000e\000t}{appendix.D}% 21
\BOOKMARK [2][-]{subsection.D.2}{\376\377\000C\000l\000a\000s\000s\000i\000c\000a\000l\000\040\000S\000e\000c\000u\000r\000i\000t\000y\000\040\000v\000i\000a\000\040\000P\000r\000i\000m\000a\000l\000\040\000A\000t\000t\000a\000c\000k}{appendix.D}% 22
\BOOKMARK [2][-]{subsection.D.3}{\376\377\000Q\000u\000a\000n\000t\000u\000m\000\040\000S\000e\000c\000u\000r\000i\000t\000y\000\040\000v\000i\000a\000\040\000G\000r\000o\000v\000e\000r\000-\000S\000i\000e\000v\000i\000n\000g}{appendix.D}% 23
\BOOKMARK [2][-]{subsection.D.4}{\376\377\000C\000o\000m\000p\000a\000r\000i\000s\000o\000n\000\040\000w\000i\000t\000h\000\040\000N\000I\000S\000T\000\040\000P\000Q\000C\000\040\000P\000a\000r\000a\000m\000e\000t\000e\000r\000s}{appendix.D}% 24
\BOOKMARK [2][-]{subsection.D.5}{\376\377\000C\000a\000v\000e\000a\000t\000s\000\040\000a\000n\000d\000\040\000C\000o\000n\000d\000i\000t\000i\000o\000n\000s}{appendix.D}% 25
